<?xml version="1.0" encoding="UTF-8"?>
<testng-results ignored="0" total="2" passed="2" failed="0" skipped="0">
  <reporter-output>
  </reporter-output>
  <suite started-at="2025-01-07T21:25:57 IST" name="FISSuite" finished-at="2025-01-07T21:26:17 IST" duration-ms="19206">
    <groups>
    </groups>
    <test started-at="2025-01-07T21:25:57 IST" name="Test" finished-at="2025-01-07T21:26:17 IST" duration-ms="19206">
      <class name="WebTesting">
        <test-method is-config="true" signature="browserSetUp()[pri:0, instance:WebTesting@74e28667]" started-at="2025-01-07T21:25:57 IST" name="browserSetUp" finished-at="2025-01-07T21:26:02 IST" duration-ms="5084" status="PASS">
          <reporter-output>
          </reporter-output>
        </test-method> <!-- browserSetUp -->
        <test-method signature="testCase1()[pri:0, instance:WebTesting@74e28667]" started-at="2025-01-07T21:26:02 IST" name="testCase1" finished-at="2025-01-07T21:26:14 IST" duration-ms="11160" status="PASS">
          <reporter-output>
          </reporter-output>
        </test-method> <!-- testCase1 -->
        <test-method is-config="true" signature="tearDown()[pri:0, instance:WebTesting@74e28667]" started-at="2025-01-07T21:26:16 IST" name="tearDown" finished-at="2025-01-07T21:26:17 IST" duration-ms="223" status="PASS">
          <reporter-output>
          </reporter-output>
        </test-method> <!-- tearDown -->
      </class> <!-- WebTesting -->
      <class name="ApiTesting">
        <test-method signature="getVerifyResponse()[pri:0, instance:ApiTesting@4be29ed9]" started-at="2025-01-07T21:26:14 IST" name="getVerifyResponse" finished-at="2025-01-07T21:26:16 IST" duration-ms="2686" status="PASS">
          <reporter-output>
          </reporter-output>
        </test-method> <!-- getVerifyResponse -->
      </class> <!-- ApiTesting -->
    </test> <!-- Test -->
  </suite> <!-- FISSuite -->
</testng-results>
